<?xml version="1.0" encoding="UTF-8"?>
<coverage generated="1621449746968" clover="3.2.0">
  <project timestamp="1621449746968" name="All files">
    <metrics statements="114" coveredstatements="110" conditionals="80" coveredconditionals="71" methods="15" coveredmethods="15" elements="209" coveredelements="196" complexity="0" loc="114" ncloc="114" packages="1" files="4" classes="4"/>
    <file name="powerSqlDefaults.ts" path="C:\Users\isaque\Documents\PowerSQL\src\powerSqlDefaults.ts">
      <metrics statements="82" coveredstatements="78" conditionals="59" coveredconditionals="50" methods="9" coveredmethods="9"/>
      <line num="1" count="1" type="stmt"/>
      <line num="2" count="1" type="stmt"/>
      <line num="6" count="23" type="cond" truecount="4" falsecount="0"/>
      <line num="7" count="14" type="stmt"/>
      <line num="10" count="9" type="cond" truecount="1" falsecount="1"/>
      <line num="11" count="0" type="stmt"/>
      <line num="14" count="9" type="cond" truecount="1" falsecount="1"/>
      <line num="15" count="0" type="stmt"/>
      <line num="18" count="9" type="stmt"/>
      <line num="23" count="2" type="stmt"/>
      <line num="25" count="5" type="cond" truecount="6" falsecount="0"/>
      <line num="27" count="2" type="cond" truecount="1" falsecount="1"/>
      <line num="30" count="3" type="stmt"/>
      <line num="34" count="1" type="stmt"/>
      <line num="35" count="2" type="cond" truecount="4" falsecount="0"/>
      <line num="37" count="2" type="stmt"/>
      <line num="40" count="1" type="stmt"/>
      <line num="42" count="2" type="cond" truecount="2" falsecount="0"/>
      <line num="43" count="1" type="stmt"/>
      <line num="46" count="1" type="stmt"/>
      <line num="49" count="1" type="stmt"/>
      <line num="50" count="3" type="cond" truecount="2" falsecount="0"/>
      <line num="51" count="2" type="stmt"/>
      <line num="53" count="1" type="stmt"/>
      <line num="56" count="1" type="stmt"/>
      <line num="58" count="2" type="stmt"/>
      <line num="60" count="2" type="stmt"/>
      <line num="61" count="2" type="stmt"/>
      <line num="62" count="2" type="cond" truecount="2" falsecount="0"/>
      <line num="63" count="2" type="stmt"/>
      <line num="64" count="2" type="cond" truecount="2" falsecount="0"/>
      <line num="65" count="2" type="stmt"/>
      <line num="67" count="1" type="stmt"/>
      <line num="70" count="1" type="stmt"/>
      <line num="73" count="6" type="cond" truecount="2" falsecount="0"/>
      <line num="74" count="1" type="stmt"/>
      <line num="77" count="5" type="cond" truecount="1" falsecount="1"/>
      <line num="78" count="0" type="stmt"/>
      <line num="83" count="5" type="stmt"/>
      <line num="121" count="5" type="stmt"/>
      <line num="122" count="5" type="stmt"/>
      <line num="124" count="5" type="stmt"/>
      <line num="125" count="5" type="stmt"/>
      <line num="127" count="8" type="stmt"/>
      <line num="128" count="8" type="stmt"/>
      <line num="129" count="8" type="cond" truecount="2" falsecount="0"/>
      <line num="130" count="3" type="stmt"/>
      <line num="133" count="8" type="cond" truecount="2" falsecount="0"/>
      <line num="134" count="2" type="stmt"/>
      <line num="137" count="8" type="cond" truecount="1" falsecount="1"/>
      <line num="138" count="8" type="stmt"/>
      <line num="139" count="8" type="cond" truecount="4" falsecount="0"/>
      <line num="140" count="1" type="stmt"/>
      <line num="142" count="7" type="cond" truecount="2" falsecount="0"/>
      <line num="144" count="6" type="stmt"/>
      <line num="145" count="6" type="stmt"/>
      <line num="146" count="6" type="cond" truecount="1" falsecount="1"/>
      <line num="147" count="0" type="stmt"/>
      <line num="149" count="6" type="cond" truecount="2" falsecount="0"/>
      <line num="150" count="2" type="stmt"/>
      <line num="154" count="1" type="cond" truecount="1" falsecount="1"/>
      <line num="155" count="1" type="stmt"/>
      <line num="160" count="4" type="cond" truecount="2" falsecount="0"/>
      <line num="161" count="4" type="stmt"/>
      <line num="162" count="4" type="stmt"/>
      <line num="164" count="4" type="stmt"/>
      <line num="167" count="2" type="stmt"/>
      <line num="171" count="1" type="stmt"/>
      <line num="172" count="1" type="stmt"/>
      <line num="174" count="1" type="stmt"/>
      <line num="175" count="1" type="stmt"/>
      <line num="177" count="1" type="stmt"/>
      <line num="178" count="1" type="stmt"/>
      <line num="180" count="1" type="stmt"/>
      <line num="183" count="1" type="stmt"/>
      <line num="184" count="1" type="stmt"/>
      <line num="186" count="1" type="stmt"/>
      <line num="187" count="2" type="cond" truecount="4" falsecount="0"/>
      <line num="188" count="1" type="stmt"/>
      <line num="191" count="1" type="stmt"/>
      <line num="221" count="1" type="stmt"/>
      <line num="245" count="1" type="stmt"/>
    </file>
    <file name="powerSqlStatement.ts" path="C:\Users\isaque\Documents\PowerSQL\src\powerSqlStatement.ts">
      <metrics statements="6" coveredstatements="6" conditionals="0" coveredconditionals="0" methods="2" coveredmethods="2"/>
      <line num="1" count="2" type="stmt"/>
      <line num="9" count="16" type="stmt"/>
      <line num="10" count="48" type="stmt"/>
      <line num="12" count="16" type="stmt"/>
      <line num="13" count="16" type="stmt"/>
      <line num="16" count="2" type="stmt"/>
    </file>
    <file name="powerSqlStatementTemplate.ts" path="C:\Users\isaque\Documents\PowerSQL\src\powerSqlStatementTemplate.ts">
      <metrics statements="12" coveredstatements="12" conditionals="4" coveredconditionals="4" methods="2" coveredmethods="2"/>
      <line num="7" count="18" type="stmt"/>
      <line num="8" count="18" type="stmt"/>
      <line num="13" count="52" type="stmt"/>
      <line num="14" count="23" type="cond" truecount="2" falsecount="0"/>
      <line num="15" count="6" type="stmt"/>
      <line num="18" count="23" type="stmt"/>
      <line num="19" count="23" type="stmt"/>
      <line num="21" count="23" type="stmt"/>
      <line num="22" count="23" type="stmt"/>
      <line num="23" count="64" type="cond" truecount="2" falsecount="0"/>
      <line num="26" count="23" type="stmt"/>
      <line num="30" count="3" type="stmt"/>
    </file>
    <file name="table.ts" path="C:\Users\isaque\Documents\PowerSQL\src\table.ts">
      <metrics statements="14" coveredstatements="14" conditionals="17" coveredconditionals="17" methods="2" coveredmethods="2"/>
      <line num="7" count="6" type="cond" truecount="4" falsecount="0"/>
      <line num="8" count="1" type="stmt"/>
      <line num="10" count="5" type="cond" truecount="4" falsecount="0"/>
      <line num="11" count="1" type="stmt"/>
      <line num="13" count="4" type="stmt"/>
      <line num="14" count="4" type="stmt"/>
      <line num="15" count="4" type="stmt"/>
      <line num="24" count="4" type="cond" truecount="4" falsecount="0"/>
      <line num="25" count="1" type="stmt"/>
      <line num="27" count="3" type="cond" truecount="4" falsecount="0"/>
      <line num="28" count="1" type="stmt"/>
      <line num="31" count="2" type="stmt"/>
      <line num="32" count="2" type="stmt"/>
      <line num="36" count="2" type="stmt"/>
    </file>
  </project>
</coverage>
