{"C:\\Users\\isaque\\Documents\\PowerSQL\\repo\\src\\powerSqlDefaults.ts": {"path":"C:\\Users\\isaque\\Documents\\PowerSQL\\repo\\src\\powerSqlDefaults.ts","statementMap":{"0":{"start":{"line":1,"column":0},"end":{"line":1,"column":82}},"1":{"start":{"line":2,"column":0},"end":{"line":2,"column":34}},"2":{"start":{"line":3,"column":0},"end":{"line":3,"column":40}},"3":{"start":{"line":7,"column":1},"end":{"line":9,"column":null}},"4":{"start":{"line":8,"column":2},"end":{"line":8,"column":61}},"5":{"start":{"line":11,"column":4},"end":{"line":13,"column":null}},"6":{"start":{"line":12,"column":8},"end":{"line":12,"column":47}},"7":{"start":{"line":15,"column":4},"end":{"line":17,"column":null}},"8":{"start":{"line":16,"column":8},"end":{"line":16,"column":47}},"9":{"start":{"line":19,"column":1},"end":{"line":19,"column":13}},"10":{"start":{"line":24,"column":1},"end":{"line":32,"column":null}},"11":{"start":{"line":26,"column":2},"end":{"line":29,"column":null}},"12":{"start":{"line":28,"column":3},"end":{"line":28,"column":98}},"13":{"start":{"line":31,"column":2},"end":{"line":31,"column":14}},"14":{"start":{"line":35,"column":15},"end":{"line":39,"column":2}},"15":{"start":{"line":36,"column":17},"end":{"line":36,"column":60}},"16":{"start":{"line":38,"column":1},"end":{"line":38,"column":23}},"17":{"start":{"line":41,"column":13},"end":{"line":48,"column":2}},"18":{"start":{"line":43,"column":4},"end":{"line":45,"column":null}},"19":{"start":{"line":44,"column":8},"end":{"line":44,"column":42}},"20":{"start":{"line":47,"column":4},"end":{"line":47,"column":21}},"21":{"start":{"line":50,"column":14},"end":{"line":55,"column":2}},"22":{"start":{"line":51,"column":4},"end":{"line":53,"column":null}},"23":{"start":{"line":52,"column":8},"end":{"line":52,"column":89}},"24":{"start":{"line":54,"column":1},"end":{"line":54,"column":18}},"25":{"start":{"line":57,"column":20},"end":{"line":69,"column":2}},"26":{"start":{"line":59,"column":23},"end":{"line":59,"column":25}},"27":{"start":{"line":61,"column":12},"end":{"line":61,"column":13}},"28":{"start":{"line":62,"column":4},"end":{"line":67,"column":null}},"29":{"start":{"line":63,"column":22},"end":{"line":63,"column":61}},"30":{"start":{"line":64,"column":20},"end":{"line":64,"column":37}},"31":{"start":{"line":65,"column":23},"end":{"line":65,"column":68}},"32":{"start":{"line":66,"column":8},"end":{"line":66,"column":74}},"33":{"start":{"line":68,"column":4},"end":{"line":68,"column":45}},"34":{"start":{"line":71,"column":19},"end":{"line":130,"column":2}},"35":{"start":{"line":74,"column":4},"end":{"line":76,"column":null}},"36":{"start":{"line":75,"column":8},"end":{"line":75,"column":77}},"37":{"start":{"line":78,"column":4},"end":{"line":80,"column":null}},"38":{"start":{"line":79,"column":8},"end":{"line":79,"column":79}},"39":{"start":{"line":82,"column":17},"end":{"line":82,"column":19}},"40":{"start":{"line":83,"column":19},"end":{"line":83,"column":21}},"41":{"start":{"line":85,"column":12},"end":{"line":85,"column":13}},"42":{"start":{"line":86,"column":4},"end":{"line":126,"column":null}},"43":{"start":{"line":88,"column":23},"end":{"line":88,"column":50}},"44":{"start":{"line":89,"column":21},"end":{"line":89,"column":46}},"45":{"start":{"line":90,"column":8},"end":{"line":92,"column":null}},"46":{"start":{"line":91,"column":12},"end":{"line":91,"column":69}},"47":{"start":{"line":94,"column":8},"end":{"line":96,"column":null}},"48":{"start":{"line":95,"column":12},"end":{"line":95,"column":23}},"49":{"start":{"line":98,"column":8},"end":{"line":119,"column":null}},"50":{"start":{"line":99,"column":32},"end":{"line":99,"column":73}},"51":{"start":{"line":100,"column":12},"end":{"line":118,"column":null}},"52":{"start":{"line":101,"column":16},"end":{"line":101,"column":108}},"53":{"start":{"line":103,"column":17},"end":{"line":118,"column":null}},"54":{"start":{"line":105,"column":39},"end":{"line":105,"column":49}},"55":{"start":{"line":106,"column":49},"end":{"line":106,"column":77}},"56":{"start":{"line":107,"column":16},"end":{"line":109,"column":null}},"57":{"start":{"line":108,"column":20},"end":{"line":108,"column":64}},"58":{"start":{"line":110,"column":16},"end":{"line":112,"column":null}},"59":{"start":{"line":111,"column":20},"end":{"line":111,"column":118}},"60":{"start":{"line":115,"column":17},"end":{"line":118,"column":null}},"61":{"start":{"line":116,"column":16},"end":{"line":116,"column":25}},"62":{"start":{"line":121,"column":19},"end":{"line":121,"column":36}},"63":{"start":{"line":122,"column":8},"end":{"line":122,"column":44}},"64":{"start":{"line":123,"column":8},"end":{"line":123,"column":34}},"65":{"start":{"line":125,"column":8},"end":{"line":125,"column":12}},"66":{"start":{"line":128,"column":4},"end":{"line":128,"column":56}},"67":{"start":{"line":132,"column":14},"end":{"line":132,"column":60}},"68":{"start":{"line":133,"column":17},"end":{"line":133,"column":64}},"69":{"start":{"line":135,"column":15},"end":{"line":135,"column":61}},"70":{"start":{"line":136,"column":14},"end":{"line":136,"column":60}},"71":{"start":{"line":138,"column":20},"end":{"line":138,"column":67}},"72":{"start":{"line":139,"column":19},"end":{"line":139,"column":66}},"73":{"start":{"line":141,"column":13},"end":{"line":141,"column":62}},"74":{"start":{"line":144,"column":12},"end":{"line":144,"column":79}},"75":{"start":{"line":145,"column":11},"end":{"line":145,"column":77}},"76":{"start":{"line":147,"column":14},"end":{"line":153,"column":2}},"77":{"start":{"line":148,"column":4},"end":{"line":150,"column":null}},"78":{"start":{"line":149,"column":8},"end":{"line":149,"column":52}},"79":{"start":{"line":152,"column":4},"end":{"line":152,"column":26}},"80":{"start":{"line":155,"column":14},"end":{"line":166,"column":2}},"81":{"start":{"line":156,"column":39},"end":{"line":156,"column":43}},"82":{"start":{"line":158,"column":4},"end":{"line":163,"column":null}},"83":{"start":{"line":159,"column":8},"end":{"line":159,"column":50}},"84":{"start":{"line":162,"column":8},"end":{"line":162,"column":36}},"85":{"start":{"line":165,"column":4},"end":{"line":165,"column":58}},"86":{"start":{"line":195,"column":25},"end":{"line":218,"column":null}},"87":{"start":{"line":220,"column":0},"end":{"line":220,"column":32}}},"fnMap":{"0":{"name":"_sqlCompare","decl":{"start":{"line":5,"column":9},"end":{"line":5,"column":20}},"loc":{"start":{"line":5,"column":38},"end":{"line":21,"column":1}}},"1":{"name":"_getArrayOfStringsExecutor","decl":{"start":{"line":23,"column":9},"end":{"line":23,"column":35}},"loc":{"start":{"line":23,"column":120},"end":{"line":33,"column":1}}},"2":{"name":"(anonymous_3)","decl":{"start":{"line":24,"column":8},"end":{"line":24,"column":18}},"loc":{"start":{"line":24,"column":35},"end":{"line":32,"column":2}}},"3":{"name":"(anonymous_4)","decl":{"start":{"line":35,"column":52},"end":{"line":35,"column":53}},"loc":{"start":{"line":35,"column":74},"end":{"line":39,"column":1}}},"4":{"name":"(anonymous_5)","decl":{"start":{"line":41,"column":48},"end":{"line":41,"column":49}},"loc":{"start":{"line":41,"column":72},"end":{"line":48,"column":1}}},"5":{"name":"(anonymous_6)","decl":{"start":{"line":50,"column":50},"end":{"line":50,"column":51}},"loc":{"start":{"line":50,"column":72},"end":{"line":55,"column":1}}},"6":{"name":"(anonymous_7)","decl":{"start":{"line":58,"column":0},"end":{"line":58,"column":1}},"loc":{"start":{"line":58,"column":25},"end":{"line":69,"column":1}}},"7":{"name":"(anonymous_8)","decl":{"start":{"line":72,"column":0},"end":{"line":72,"column":1}},"loc":{"start":{"line":72,"column":72},"end":{"line":130,"column":1}}},"8":{"name":"(anonymous_9)","decl":{"start":{"line":147,"column":46},"end":{"line":147,"column":47}},"loc":{"start":{"line":147,"column":58},"end":{"line":153,"column":1}}},"9":{"name":"(anonymous_10)","decl":{"start":{"line":155,"column":44},"end":{"line":155,"column":45}},"loc":{"start":{"line":155,"column":56},"end":{"line":166,"column":1}}}},"branchMap":{"0":{"loc":{"start":{"line":7,"column":1},"end":{"line":9,"column":null}},"type":"if","locations":[{"start":{"line":7,"column":1},"end":{"line":9,"column":null}},{"start":{"line":7,"column":1},"end":{"line":9,"column":null}}]},"1":{"loc":{"start":{"line":7,"column":5},"end":{"line":7,"column":10}},"type":"binary-expr","locations":[{"start":{"line":7,"column":5},"end":{"line":7,"column":10}},{"start":{"line":7,"column":14},"end":{"line":7,"column":30}}]},"2":{"loc":{"start":{"line":11,"column":4},"end":{"line":13,"column":null}},"type":"if","locations":[{"start":{"line":11,"column":4},"end":{"line":13,"column":null}},{"start":{"line":11,"column":4},"end":{"line":13,"column":null}}]},"3":{"loc":{"start":{"line":15,"column":4},"end":{"line":17,"column":null}},"type":"if","locations":[{"start":{"line":15,"column":4},"end":{"line":17,"column":null}},{"start":{"line":15,"column":4},"end":{"line":17,"column":null}}]},"4":{"loc":{"start":{"line":23,"column":68},"end":{"line":23,"column":77}},"type":"default-arg","locations":[{"start":{"line":23,"column":68},"end":{"line":23,"column":77}}]},"5":{"loc":{"start":{"line":23,"column":111},"end":{"line":23,"column":120}},"type":"default-arg","locations":[{"start":{"line":23,"column":111},"end":{"line":23,"column":120}}]},"6":{"loc":{"start":{"line":26,"column":2},"end":{"line":29,"column":null}},"type":"if","locations":[{"start":{"line":26,"column":2},"end":{"line":29,"column":null}},{"start":{"line":26,"column":2},"end":{"line":29,"column":null}}]},"7":{"loc":{"start":{"line":26,"column":7},"end":{"line":26,"column":30}},"type":"binary-expr","locations":[{"start":{"line":26,"column":7},"end":{"line":26,"column":30}},{"start":{"line":26,"column":34},"end":{"line":26,"column":57}},{"start":{"line":27,"column":13},"end":{"line":27,"column":36}},{"start":{"line":27,"column":40},"end":{"line":27,"column":63}}]},"8":{"loc":{"start":{"line":28,"column":22},"end":{"line":28,"column":31}},"type":"binary-expr","locations":[{"start":{"line":28,"column":22},"end":{"line":28,"column":31}},{"start":{"line":28,"column":33},"end":{"line":28,"column":34}}]},"9":{"loc":{"start":{"line":36,"column":48},"end":{"line":36,"column":53}},"type":"cond-expr","locations":[{"start":{"line":36,"column":48},"end":{"line":36,"column":53}},{"start":{"line":36,"column":56},"end":{"line":36,"column":60}}]},"10":{"loc":{"start":{"line":36,"column":18},"end":{"line":36,"column":23}},"type":"binary-expr","locations":[{"start":{"line":36,"column":18},"end":{"line":36,"column":23}},{"start":{"line":36,"column":27},"end":{"line":36,"column":44}}]},"11":{"loc":{"start":{"line":43,"column":4},"end":{"line":45,"column":null}},"type":"if","locations":[{"start":{"line":43,"column":4},"end":{"line":45,"column":null}},{"start":{"line":43,"column":4},"end":{"line":45,"column":null}}]},"12":{"loc":{"start":{"line":51,"column":4},"end":{"line":53,"column":null}},"type":"if","locations":[{"start":{"line":51,"column":4},"end":{"line":53,"column":null}},{"start":{"line":51,"column":4},"end":{"line":53,"column":null}}]},"13":{"loc":{"start":{"line":63,"column":52},"end":{"line":63,"column":54}},"type":"cond-expr","locations":[{"start":{"line":63,"column":52},"end":{"line":63,"column":54}},{"start":{"line":63,"column":57},"end":{"line":63,"column":61}}]},"14":{"loc":{"start":{"line":65,"column":42},"end":{"line":65,"column":63}},"type":"cond-expr","locations":[{"start":{"line":65,"column":42},"end":{"line":65,"column":63}},{"start":{"line":65,"column":66},"end":{"line":65,"column":68}}]},"15":{"loc":{"start":{"line":72,"column":64},"end":{"line":72,"column":68}},"type":"default-arg","locations":[{"start":{"line":72,"column":64},"end":{"line":72,"column":68}}]},"16":{"loc":{"start":{"line":74,"column":4},"end":{"line":76,"column":null}},"type":"if","locations":[{"start":{"line":74,"column":4},"end":{"line":76,"column":null}},{"start":{"line":74,"column":4},"end":{"line":76,"column":null}}]},"17":{"loc":{"start":{"line":78,"column":4},"end":{"line":80,"column":null}},"type":"if","locations":[{"start":{"line":78,"column":4},"end":{"line":80,"column":null}},{"start":{"line":78,"column":4},"end":{"line":80,"column":null}}]},"18":{"loc":{"start":{"line":90,"column":8},"end":{"line":92,"column":null}},"type":"if","locations":[{"start":{"line":90,"column":8},"end":{"line":92,"column":null}},{"start":{"line":90,"column":8},"end":{"line":92,"column":null}}]},"19":{"loc":{"start":{"line":94,"column":8},"end":{"line":96,"column":null}},"type":"if","locations":[{"start":{"line":94,"column":8},"end":{"line":96,"column":null}},{"start":{"line":94,"column":8},"end":{"line":96,"column":null}}]},"20":{"loc":{"start":{"line":98,"column":8},"end":{"line":119,"column":null}},"type":"if","locations":[{"start":{"line":98,"column":8},"end":{"line":119,"column":null}},{"start":{"line":98,"column":8},"end":{"line":119,"column":null}}]},"21":{"loc":{"start":{"line":100,"column":12},"end":{"line":118,"column":null}},"type":"if","locations":[{"start":{"line":100,"column":12},"end":{"line":118,"column":null}},{"start":{"line":100,"column":12},"end":{"line":118,"column":null}}]},"22":{"loc":{"start":{"line":100,"column":16},"end":{"line":100,"column":28}},"type":"binary-expr","locations":[{"start":{"line":100,"column":16},"end":{"line":100,"column":28}},{"start":{"line":100,"column":32},"end":{"line":100,"column":58}}]},"23":{"loc":{"start":{"line":103,"column":17},"end":{"line":118,"column":null}},"type":"if","locations":[{"start":{"line":103,"column":17},"end":{"line":118,"column":null}},{"start":{"line":103,"column":17},"end":{"line":118,"column":null}}]},"24":{"loc":{"start":{"line":107,"column":16},"end":{"line":109,"column":null}},"type":"if","locations":[{"start":{"line":107,"column":16},"end":{"line":109,"column":null}},{"start":{"line":107,"column":16},"end":{"line":109,"column":null}}]},"25":{"loc":{"start":{"line":110,"column":16},"end":{"line":112,"column":null}},"type":"if","locations":[{"start":{"line":110,"column":16},"end":{"line":112,"column":null}},{"start":{"line":110,"column":16},"end":{"line":112,"column":null}}]},"26":{"loc":{"start":{"line":115,"column":17},"end":{"line":118,"column":null}},"type":"if","locations":[{"start":{"line":115,"column":17},"end":{"line":118,"column":null}},{"start":{"line":115,"column":17},"end":{"line":118,"column":null}}]},"27":{"loc":{"start":{"line":121,"column":27},"end":{"line":121,"column":31}},"type":"cond-expr","locations":[{"start":{"line":121,"column":27},"end":{"line":121,"column":31}},{"start":{"line":121,"column":34},"end":{"line":121,"column":36}}]},"28":{"loc":{"start":{"line":148,"column":4},"end":{"line":150,"column":null}},"type":"if","locations":[{"start":{"line":148,"column":4},"end":{"line":150,"column":null}},{"start":{"line":148,"column":4},"end":{"line":150,"column":null}}]},"29":{"loc":{"start":{"line":148,"column":8},"end":{"line":148,"column":13}},"type":"binary-expr","locations":[{"start":{"line":148,"column":8},"end":{"line":148,"column":13}},{"start":{"line":148,"column":17},"end":{"line":148,"column":33}}]},"30":{"loc":{"start":{"line":158,"column":4},"end":{"line":163,"column":null}},"type":"if","locations":[{"start":{"line":158,"column":4},"end":{"line":163,"column":null}},{"start":{"line":158,"column":4},"end":{"line":163,"column":null}}]}},"s":{"0":1,"1":1,"2":1,"3":23,"4":14,"5":9,"6":0,"7":9,"8":0,"9":9,"10":2,"11":5,"12":2,"13":3,"14":1,"15":2,"16":2,"17":1,"18":2,"19":1,"20":1,"21":1,"22":3,"23":2,"24":1,"25":1,"26":2,"27":2,"28":2,"29":2,"30":2,"31":2,"32":2,"33":1,"34":1,"35":6,"36":1,"37":5,"38":0,"39":5,"40":5,"41":5,"42":5,"43":8,"44":8,"45":8,"46":3,"47":8,"48":2,"49":8,"50":8,"51":8,"52":1,"53":7,"54":6,"55":6,"56":6,"57":0,"58":6,"59":2,"60":1,"61":1,"62":4,"63":4,"64":4,"65":4,"66":2,"67":1,"68":1,"69":1,"70":1,"71":1,"72":1,"73":1,"74":1,"75":1,"76":1,"77":2,"78":1,"79":1,"80":1,"81":0,"82":0,"83":0,"84":0,"85":0,"86":1,"87":1},"f":{"0":23,"1":2,"2":5,"3":2,"4":2,"5":3,"6":2,"7":6,"8":2,"9":0},"b":{"0":[14,9],"1":[23,23],"2":[0,9],"3":[0,9],"4":[0],"5":[0],"6":[2,3],"7":[5,5,3,3],"8":[2,0],"9":[1,1],"10":[2,2],"11":[1,1],"12":[2,1],"13":[1,1],"14":[1,1],"15":[6],"16":[1,5],"17":[0,5],"18":[3,5],"19":[2,6],"20":[8,0],"21":[1,7],"22":[8,2],"23":[6,1],"24":[0,6],"25":[2,4],"26":[1,0],"27":[1,3],"28":[1,1],"29":[2,2],"30":[0,0]}}
,"C:\\Users\\isaque\\Documents\\PowerSQL\\repo\\src\\powerSqlStatement.ts": {"path":"C:\\Users\\isaque\\Documents\\PowerSQL\\repo\\src\\powerSqlStatement.ts","statementMap":{"0":{"start":{"line":1,"column":0},"end":{"line":1,"column":68}},"1":{"start":{"line":9,"column":24},"end":{"line":11,"column":2}},"2":{"start":{"line":10,"column":8},"end":{"line":10,"column":85}},"3":{"start":{"line":12,"column":4},"end":{"line":12,"column":72}},"4":{"start":{"line":13,"column":4},"end":{"line":13,"column":31}},"5":{"start":{"line":16,"column":28},"end":{"line":16,"column":52}}},"fnMap":{"0":{"name":"PowerSQLStatementFactory","decl":{"start":{"line":8,"column":9},"end":{"line":8,"column":33}},"loc":{"start":{"line":8,"column":70},"end":{"line":14,"column":1}}},"1":{"name":"(anonymous_2)","decl":{"start":{"line":9,"column":24},"end":{"line":9,"column":null}},"loc":{"start":{"line":9,"column":24},"end":{"line":11,"column":2}}}},"branchMap":{},"s":{"0":2,"1":17,"2":48,"3":17,"4":17,"5":2},"f":{"0":17,"1":48},"b":{}}
,"C:\\Users\\isaque\\Documents\\PowerSQL\\repo\\src\\powerSqlStatementTemplate.ts": {"path":"C:\\Users\\isaque\\Documents\\PowerSQL\\repo\\src\\powerSqlStatementTemplate.ts","statementMap":{"0":{"start":{"line":7,"column":2},"end":{"line":7,"column":27}},"1":{"start":{"line":8,"column":2},"end":{"line":8,"column":25}},"2":{"start":{"line":13,"column":36},"end":{"line":13,"column":71}},"3":{"start":{"line":14,"column":2},"end":{"line":16,"column":null}},"4":{"start":{"line":15,"column":3},"end":{"line":15,"column":25}},"5":{"start":{"line":18,"column":36},"end":{"line":18,"column":60}},"6":{"start":{"line":19,"column":23},"end":{"line":19,"column":25}},"7":{"start":{"line":21,"column":10},"end":{"line":21,"column":11}},"8":{"start":{"line":22,"column":2},"end":{"line":24,"column":null}},"9":{"start":{"line":23,"column":3},"end":{"line":23,"column":76}},"10":{"start":{"line":26,"column":2},"end":{"line":26,"column":16}},"11":{"start":{"line":30,"column":0},"end":{"line":30,"column":41}}},"fnMap":{"0":{"name":"(anonymous_0)","decl":{"start":{"line":6,"column":1},"end":{"line":6,"column":13}},"loc":{"start":{"line":6,"column":48},"end":{"line":9,"column":2}}},"1":{"name":"(anonymous_1)","decl":{"start":{"line":11,"column":1},"end":{"line":11,"column":6}},"loc":{"start":{"line":11,"column":14},"end":{"line":27,"column":2}}}},"branchMap":{"0":{"loc":{"start":{"line":14,"column":2},"end":{"line":16,"column":null}},"type":"if","locations":[{"start":{"line":14,"column":2},"end":{"line":16,"column":null}},{"start":{"line":14,"column":2},"end":{"line":16,"column":null}}]},"1":{"loc":{"start":{"line":23,"column":56},"end":{"line":23,"column":69}},"type":"cond-expr","locations":[{"start":{"line":23,"column":56},"end":{"line":23,"column":69}},{"start":{"line":23,"column":72},"end":{"line":23,"column":74}}]}},"s":{"0":19,"1":19,"2":52,"3":23,"4":6,"5":23,"6":23,"7":23,"8":23,"9":64,"10":23,"11":3},"f":{"0":19,"1":52},"b":{"0":[6,17],"1":[41,23]}}
,"C:\\Users\\isaque\\Documents\\PowerSQL\\repo\\src\\sqlTypes.ts": {"path":"C:\\Users\\isaque\\Documents\\PowerSQL\\repo\\src\\sqlTypes.ts","statementMap":{"0":{"start":{"line":1,"column":23},"end":{"line":37,"column":2}},"1":{"start":{"line":40,"column":4},"end":{"line":42,"column":null}},"2":{"start":{"line":41,"column":8},"end":{"line":41,"column":65}},"3":{"start":{"line":43,"column":4},"end":{"line":43,"column":37}},"4":{"start":{"line":47,"column":4},"end":{"line":49,"column":null}},"5":{"start":{"line":48,"column":8},"end":{"line":48,"column":66}},"6":{"start":{"line":50,"column":4},"end":{"line":56,"column":null}},"7":{"start":{"line":51,"column":35},"end":{"line":51,"column":52}},"8":{"start":{"line":53,"column":8},"end":{"line":55,"column":null}},"9":{"start":{"line":54,"column":12},"end":{"line":54,"column":26}},"10":{"start":{"line":57,"column":4},"end":{"line":57,"column":16}},"11":{"start":{"line":61,"column":25},"end":{"line":71,"column":null}},"12":{"start":{"line":62,"column":31},"end":{"line":62,"column":69}},"13":{"start":{"line":63,"column":28},"end":{"line":63,"column":70}},"14":{"start":{"line":65,"column":8},"end":{"line":67,"column":null}},"15":{"start":{"line":66,"column":12},"end":{"line":66,"column":42}},"16":{"start":{"line":69,"column":8},"end":{"line":69,"column":69}},"17":{"start":{"line":74,"column":4},"end":{"line":77,"column":null}},"18":{"start":{"line":75,"column":8},"end":{"line":75,"column":44}},"19":{"start":{"line":78,"column":21},"end":{"line":78,"column":40}},"20":{"start":{"line":79,"column":4},"end":{"line":81,"column":null}},"21":{"start":{"line":80,"column":8},"end":{"line":80,"column":62}},"22":{"start":{"line":82,"column":4},"end":{"line":82,"column":27}},"23":{"start":{"line":85,"column":17},"end":{"line":90,"column":null}},"24":{"start":{"line":92,"column":0},"end":{"line":92,"column":24}}},"fnMap":{"0":{"name":"getSqlTypes","decl":{"start":{"line":39,"column":9},"end":{"line":39,"column":20}},"loc":{"start":{"line":39,"column":35},"end":{"line":44,"column":1}}},"1":{"name":"getJsType","decl":{"start":{"line":46,"column":9},"end":{"line":46,"column":18}},"loc":{"start":{"line":46,"column":34},"end":{"line":58,"column":1}}},"2":{"name":"(anonymous_2)","decl":{"start":{"line":62,"column":14},"end":{"line":62,"column":15}},"loc":{"start":{"line":62,"column":31},"end":{"line":62,"column":69}}},"3":{"name":"(anonymous_3)","decl":{"start":{"line":63,"column":14},"end":{"line":63,"column":15}},"loc":{"start":{"line":63,"column":28},"end":{"line":63,"column":70}}},"4":{"name":"(anonymous_4)","decl":{"start":{"line":64,"column":14},"end":{"line":64,"column":15}},"loc":{"start":{"line":64,"column":30},"end":{"line":70,"column":5}}},"5":{"name":"sqlEscapeToString","decl":{"start":{"line":73,"column":9},"end":{"line":73,"column":26}},"loc":{"start":{"line":73,"column":40},"end":{"line":83,"column":1}}}},"branchMap":{"0":{"loc":{"start":{"line":40,"column":4},"end":{"line":42,"column":null}},"type":"if","locations":[{"start":{"line":40,"column":4},"end":{"line":42,"column":null}},{"start":{"line":40,"column":4},"end":{"line":42,"column":null}}]},"1":{"loc":{"start":{"line":43,"column":11},"end":{"line":43,"column":28}},"type":"binary-expr","locations":[{"start":{"line":43,"column":11},"end":{"line":43,"column":28}},{"start":{"line":43,"column":32},"end":{"line":43,"column":36}}]},"2":{"loc":{"start":{"line":47,"column":4},"end":{"line":49,"column":null}},"type":"if","locations":[{"start":{"line":47,"column":4},"end":{"line":49,"column":null}},{"start":{"line":47,"column":4},"end":{"line":49,"column":null}}]},"3":{"loc":{"start":{"line":53,"column":8},"end":{"line":55,"column":null}},"type":"if","locations":[{"start":{"line":53,"column":8},"end":{"line":55,"column":null}},{"start":{"line":53,"column":8},"end":{"line":55,"column":null}}]},"4":{"loc":{"start":{"line":65,"column":8},"end":{"line":67,"column":null}},"type":"if","locations":[{"start":{"line":65,"column":8},"end":{"line":67,"column":null}},{"start":{"line":65,"column":8},"end":{"line":67,"column":null}}]},"5":{"loc":{"start":{"line":74,"column":4},"end":{"line":77,"column":null}},"type":"if","locations":[{"start":{"line":74,"column":4},"end":{"line":77,"column":null}},{"start":{"line":74,"column":4},"end":{"line":77,"column":null}}]},"6":{"loc":{"start":{"line":79,"column":4},"end":{"line":81,"column":null}},"type":"if","locations":[{"start":{"line":79,"column":4},"end":{"line":81,"column":null}},{"start":{"line":79,"column":4},"end":{"line":81,"column":null}}]}},"s":{"0":2,"1":10,"2":1,"3":9,"4":6,"5":1,"6":5,"7":12,"8":12,"9":4,"10":1,"11":2,"12":5,"13":1,"14":2,"15":1,"16":1,"17":9,"18":1,"19":8,"20":8,"21":1,"22":7,"23":2,"24":2},"f":{"0":10,"1":6,"2":5,"3":1,"4":2,"5":9},"b":{"0":[1,9],"1":[9,1],"2":[1,5],"3":[4,8],"4":[1,1],"5":[1,8],"6":[1,7]}}
,"C:\\Users\\isaque\\Documents\\PowerSQL\\repo\\src\\table.ts": {"path":"C:\\Users\\isaque\\Documents\\PowerSQL\\repo\\src\\table.ts","statementMap":{"0":{"start":{"line":7,"column":8},"end":{"line":9,"column":null}},"1":{"start":{"line":8,"column":12},"end":{"line":8,"column":79}},"2":{"start":{"line":10,"column":8},"end":{"line":12,"column":null}},"3":{"start":{"line":11,"column":12},"end":{"line":11,"column":72}},"4":{"start":{"line":13,"column":2},"end":{"line":13,"column":19}},"5":{"start":{"line":14,"column":2},"end":{"line":14,"column":19}},"6":{"start":{"line":15,"column":2},"end":{"line":15,"column":31}},"7":{"start":{"line":36,"column":24},"end":{"line":36,"column":43}},"8":{"start":{"line":24,"column":8},"end":{"line":26,"column":null}},"9":{"start":{"line":25,"column":12},"end":{"line":25,"column":78}},"10":{"start":{"line":27,"column":8},"end":{"line":29,"column":null}},"11":{"start":{"line":28,"column":12},"end":{"line":28,"column":59}},"12":{"start":{"line":31,"column":2},"end":{"line":31,"column":19}},"13":{"start":{"line":32,"column":2},"end":{"line":32,"column":25}},"14":{"start":{"line":36,"column":9},"end":{"line":36,"column":22}}},"fnMap":{"0":{"name":"(anonymous_0)","decl":{"start":{"line":6,"column":1},"end":{"line":6,"column":13}},"loc":{"start":{"line":6,"column":71},"end":{"line":16,"column":2}}},"1":{"name":"(anonymous_1)","decl":{"start":{"line":23,"column":1},"end":{"line":23,"column":13}},"loc":{"start":{"line":23,"column":62},"end":{"line":33,"column":2}}}},"branchMap":{"0":{"loc":{"start":{"line":6,"column":69},"end":{"line":6,"column":71}},"type":"default-arg","locations":[{"start":{"line":6,"column":69},"end":{"line":6,"column":71}}]},"1":{"loc":{"start":{"line":7,"column":8},"end":{"line":9,"column":null}},"type":"if","locations":[{"start":{"line":7,"column":8},"end":{"line":9,"column":null}},{"start":{"line":7,"column":8},"end":{"line":9,"column":null}}]},"2":{"loc":{"start":{"line":7,"column":12},"end":{"line":7,"column":35}},"type":"binary-expr","locations":[{"start":{"line":7,"column":12},"end":{"line":7,"column":35}},{"start":{"line":7,"column":39},"end":{"line":7,"column":44}}]},"3":{"loc":{"start":{"line":10,"column":8},"end":{"line":12,"column":null}},"type":"if","locations":[{"start":{"line":10,"column":8},"end":{"line":12,"column":null}},{"start":{"line":10,"column":8},"end":{"line":12,"column":null}}]},"4":{"loc":{"start":{"line":10,"column":12},"end":{"line":10,"column":35}},"type":"binary-expr","locations":[{"start":{"line":10,"column":12},"end":{"line":10,"column":35}},{"start":{"line":10,"column":39},"end":{"line":10,"column":44}}]},"5":{"loc":{"start":{"line":24,"column":8},"end":{"line":26,"column":null}},"type":"if","locations":[{"start":{"line":24,"column":8},"end":{"line":26,"column":null}},{"start":{"line":24,"column":8},"end":{"line":26,"column":null}}]},"6":{"loc":{"start":{"line":24,"column":12},"end":{"line":24,"column":35}},"type":"binary-expr","locations":[{"start":{"line":24,"column":12},"end":{"line":24,"column":35}},{"start":{"line":24,"column":39},"end":{"line":24,"column":44}}]},"7":{"loc":{"start":{"line":27,"column":8},"end":{"line":29,"column":null}},"type":"if","locations":[{"start":{"line":27,"column":8},"end":{"line":29,"column":null}},{"start":{"line":27,"column":8},"end":{"line":29,"column":null}}]},"8":{"loc":{"start":{"line":27,"column":12},"end":{"line":27,"column":20}},"type":"binary-expr","locations":[{"start":{"line":27,"column":12},"end":{"line":27,"column":20}},{"start":{"line":27,"column":24},"end":{"line":27,"column":43}}]}},"s":{"0":6,"1":1,"2":5,"3":1,"4":4,"5":4,"6":4,"7":2,"8":4,"9":1,"10":3,"11":1,"12":2,"13":2,"14":2},"f":{"0":6,"1":4},"b":{"0":[3],"1":[1,5],"2":[6,6],"3":[1,4],"4":[5,5],"5":[1,3],"6":[4,4],"7":[1,2],"8":[3,3]}}
}
