{"C:\\Users\\isaque\\Documents\\PowerSQL\\src\\powerSqlDefaults.ts": {"path":"C:\\Users\\isaque\\Documents\\PowerSQL\\src\\powerSqlDefaults.ts","statementMap":{"0":{"start":{"line":1,"column":0},"end":{"line":1,"column":82}},"1":{"start":{"line":2,"column":0},"end":{"line":2,"column":40}},"2":{"start":{"line":6,"column":1},"end":{"line":8,"column":null}},"3":{"start":{"line":7,"column":2},"end":{"line":7,"column":61}},"4":{"start":{"line":10,"column":4},"end":{"line":12,"column":null}},"5":{"start":{"line":11,"column":8},"end":{"line":11,"column":47}},"6":{"start":{"line":14,"column":4},"end":{"line":16,"column":null}},"7":{"start":{"line":15,"column":8},"end":{"line":15,"column":47}},"8":{"start":{"line":18,"column":1},"end":{"line":18,"column":13}},"9":{"start":{"line":23,"column":1},"end":{"line":31,"column":null}},"10":{"start":{"line":25,"column":2},"end":{"line":28,"column":null}},"11":{"start":{"line":27,"column":3},"end":{"line":27,"column":98}},"12":{"start":{"line":30,"column":2},"end":{"line":30,"column":14}},"13":{"start":{"line":34,"column":15},"end":{"line":38,"column":2}},"14":{"start":{"line":35,"column":17},"end":{"line":35,"column":60}},"15":{"start":{"line":37,"column":1},"end":{"line":37,"column":23}},"16":{"start":{"line":40,"column":13},"end":{"line":47,"column":2}},"17":{"start":{"line":42,"column":4},"end":{"line":44,"column":null}},"18":{"start":{"line":43,"column":8},"end":{"line":43,"column":42}},"19":{"start":{"line":46,"column":4},"end":{"line":46,"column":21}},"20":{"start":{"line":49,"column":14},"end":{"line":54,"column":2}},"21":{"start":{"line":50,"column":4},"end":{"line":52,"column":null}},"22":{"start":{"line":51,"column":8},"end":{"line":51,"column":89}},"23":{"start":{"line":53,"column":1},"end":{"line":53,"column":18}},"24":{"start":{"line":56,"column":20},"end":{"line":68,"column":2}},"25":{"start":{"line":58,"column":23},"end":{"line":58,"column":25}},"26":{"start":{"line":60,"column":12},"end":{"line":60,"column":13}},"27":{"start":{"line":61,"column":4},"end":{"line":66,"column":null}},"28":{"start":{"line":62,"column":22},"end":{"line":62,"column":61}},"29":{"start":{"line":63,"column":20},"end":{"line":63,"column":37}},"30":{"start":{"line":64,"column":23},"end":{"line":64,"column":68}},"31":{"start":{"line":65,"column":8},"end":{"line":65,"column":74}},"32":{"start":{"line":67,"column":4},"end":{"line":67,"column":45}},"33":{"start":{"line":70,"column":19},"end":{"line":169,"column":2}},"34":{"start":{"line":73,"column":4},"end":{"line":75,"column":null}},"35":{"start":{"line":74,"column":8},"end":{"line":74,"column":77}},"36":{"start":{"line":77,"column":4},"end":{"line":79,"column":null}},"37":{"start":{"line":78,"column":8},"end":{"line":78,"column":79}},"38":{"start":{"line":83,"column":27},"end":{"line":119,"column":6}},"39":{"start":{"line":121,"column":17},"end":{"line":121,"column":19}},"40":{"start":{"line":122,"column":19},"end":{"line":122,"column":21}},"41":{"start":{"line":124,"column":12},"end":{"line":124,"column":13}},"42":{"start":{"line":125,"column":4},"end":{"line":165,"column":null}},"43":{"start":{"line":127,"column":23},"end":{"line":127,"column":50}},"44":{"start":{"line":128,"column":21},"end":{"line":128,"column":46}},"45":{"start":{"line":129,"column":8},"end":{"line":131,"column":null}},"46":{"start":{"line":130,"column":12},"end":{"line":130,"column":69}},"47":{"start":{"line":133,"column":8},"end":{"line":135,"column":null}},"48":{"start":{"line":134,"column":12},"end":{"line":134,"column":23}},"49":{"start":{"line":137,"column":8},"end":{"line":158,"column":null}},"50":{"start":{"line":138,"column":32},"end":{"line":138,"column":73}},"51":{"start":{"line":139,"column":12},"end":{"line":157,"column":null}},"52":{"start":{"line":140,"column":16},"end":{"line":140,"column":108}},"53":{"start":{"line":142,"column":17},"end":{"line":157,"column":null}},"54":{"start":{"line":144,"column":37},"end":{"line":144,"column":47}},"55":{"start":{"line":145,"column":42},"end":{"line":145,"column":57}},"56":{"start":{"line":146,"column":16},"end":{"line":148,"column":null}},"57":{"start":{"line":147,"column":20},"end":{"line":147,"column":62}},"58":{"start":{"line":149,"column":16},"end":{"line":151,"column":null}},"59":{"start":{"line":150,"column":20},"end":{"line":150,"column":116}},"60":{"start":{"line":154,"column":17},"end":{"line":157,"column":null}},"61":{"start":{"line":155,"column":16},"end":{"line":155,"column":25}},"62":{"start":{"line":160,"column":19},"end":{"line":160,"column":36}},"63":{"start":{"line":161,"column":8},"end":{"line":161,"column":44}},"64":{"start":{"line":162,"column":8},"end":{"line":162,"column":34}},"65":{"start":{"line":164,"column":8},"end":{"line":164,"column":12}},"66":{"start":{"line":167,"column":4},"end":{"line":167,"column":56}},"67":{"start":{"line":171,"column":14},"end":{"line":171,"column":60}},"68":{"start":{"line":172,"column":17},"end":{"line":172,"column":64}},"69":{"start":{"line":174,"column":15},"end":{"line":174,"column":61}},"70":{"start":{"line":175,"column":14},"end":{"line":175,"column":60}},"71":{"start":{"line":177,"column":20},"end":{"line":177,"column":67}},"72":{"start":{"line":178,"column":19},"end":{"line":178,"column":66}},"73":{"start":{"line":180,"column":13},"end":{"line":180,"column":62}},"74":{"start":{"line":183,"column":12},"end":{"line":183,"column":79}},"75":{"start":{"line":184,"column":11},"end":{"line":184,"column":77}},"76":{"start":{"line":186,"column":14},"end":{"line":192,"column":2}},"77":{"start":{"line":187,"column":4},"end":{"line":189,"column":null}},"78":{"start":{"line":188,"column":8},"end":{"line":188,"column":52}},"79":{"start":{"line":191,"column":4},"end":{"line":191,"column":26}},"80":{"start":{"line":221,"column":25},"end":{"line":243,"column":null}},"81":{"start":{"line":245,"column":0},"end":{"line":245,"column":32}}},"fnMap":{"0":{"name":"_sqlCompare","decl":{"start":{"line":4,"column":9},"end":{"line":4,"column":20}},"loc":{"start":{"line":4,"column":38},"end":{"line":20,"column":1}}},"1":{"name":"_getArrayOfStringsExecutor","decl":{"start":{"line":22,"column":9},"end":{"line":22,"column":35}},"loc":{"start":{"line":22,"column":120},"end":{"line":32,"column":1}}},"2":{"name":"(anonymous_2)","decl":{"start":{"line":23,"column":8},"end":{"line":23,"column":18}},"loc":{"start":{"line":23,"column":35},"end":{"line":31,"column":2}}},"3":{"name":"(anonymous_3)","decl":{"start":{"line":34,"column":52},"end":{"line":34,"column":53}},"loc":{"start":{"line":34,"column":74},"end":{"line":38,"column":1}}},"4":{"name":"(anonymous_4)","decl":{"start":{"line":40,"column":48},"end":{"line":40,"column":49}},"loc":{"start":{"line":40,"column":72},"end":{"line":47,"column":1}}},"5":{"name":"(anonymous_5)","decl":{"start":{"line":49,"column":50},"end":{"line":49,"column":51}},"loc":{"start":{"line":49,"column":72},"end":{"line":54,"column":1}}},"6":{"name":"(anonymous_6)","decl":{"start":{"line":57,"column":0},"end":{"line":57,"column":1}},"loc":{"start":{"line":57,"column":25},"end":{"line":68,"column":1}}},"7":{"name":"(anonymous_7)","decl":{"start":{"line":71,"column":0},"end":{"line":71,"column":1}},"loc":{"start":{"line":71,"column":72},"end":{"line":169,"column":1}}},"8":{"name":"(anonymous_8)","decl":{"start":{"line":186,"column":46},"end":{"line":186,"column":47}},"loc":{"start":{"line":186,"column":58},"end":{"line":192,"column":1}}}},"branchMap":{"0":{"loc":{"start":{"line":6,"column":1},"end":{"line":8,"column":null}},"type":"if","locations":[{"start":{"line":6,"column":1},"end":{"line":8,"column":null}},{"start":{"line":6,"column":1},"end":{"line":8,"column":null}}]},"1":{"loc":{"start":{"line":6,"column":5},"end":{"line":6,"column":10}},"type":"binary-expr","locations":[{"start":{"line":6,"column":5},"end":{"line":6,"column":10}},{"start":{"line":6,"column":14},"end":{"line":6,"column":30}}]},"2":{"loc":{"start":{"line":10,"column":4},"end":{"line":12,"column":null}},"type":"if","locations":[{"start":{"line":10,"column":4},"end":{"line":12,"column":null}},{"start":{"line":10,"column":4},"end":{"line":12,"column":null}}]},"3":{"loc":{"start":{"line":14,"column":4},"end":{"line":16,"column":null}},"type":"if","locations":[{"start":{"line":14,"column":4},"end":{"line":16,"column":null}},{"start":{"line":14,"column":4},"end":{"line":16,"column":null}}]},"4":{"loc":{"start":{"line":22,"column":68},"end":{"line":22,"column":77}},"type":"default-arg","locations":[{"start":{"line":22,"column":68},"end":{"line":22,"column":77}}]},"5":{"loc":{"start":{"line":22,"column":111},"end":{"line":22,"column":120}},"type":"default-arg","locations":[{"start":{"line":22,"column":111},"end":{"line":22,"column":120}}]},"6":{"loc":{"start":{"line":25,"column":2},"end":{"line":28,"column":null}},"type":"if","locations":[{"start":{"line":25,"column":2},"end":{"line":28,"column":null}},{"start":{"line":25,"column":2},"end":{"line":28,"column":null}}]},"7":{"loc":{"start":{"line":25,"column":7},"end":{"line":25,"column":30}},"type":"binary-expr","locations":[{"start":{"line":25,"column":7},"end":{"line":25,"column":30}},{"start":{"line":25,"column":34},"end":{"line":25,"column":57}},{"start":{"line":26,"column":13},"end":{"line":26,"column":36}},{"start":{"line":26,"column":40},"end":{"line":26,"column":63}}]},"8":{"loc":{"start":{"line":27,"column":22},"end":{"line":27,"column":31}},"type":"binary-expr","locations":[{"start":{"line":27,"column":22},"end":{"line":27,"column":31}},{"start":{"line":27,"column":33},"end":{"line":27,"column":34}}]},"9":{"loc":{"start":{"line":35,"column":48},"end":{"line":35,"column":53}},"type":"cond-expr","locations":[{"start":{"line":35,"column":48},"end":{"line":35,"column":53}},{"start":{"line":35,"column":56},"end":{"line":35,"column":60}}]},"10":{"loc":{"start":{"line":35,"column":18},"end":{"line":35,"column":23}},"type":"binary-expr","locations":[{"start":{"line":35,"column":18},"end":{"line":35,"column":23}},{"start":{"line":35,"column":27},"end":{"line":35,"column":44}}]},"11":{"loc":{"start":{"line":42,"column":4},"end":{"line":44,"column":null}},"type":"if","locations":[{"start":{"line":42,"column":4},"end":{"line":44,"column":null}},{"start":{"line":42,"column":4},"end":{"line":44,"column":null}}]},"12":{"loc":{"start":{"line":50,"column":4},"end":{"line":52,"column":null}},"type":"if","locations":[{"start":{"line":50,"column":4},"end":{"line":52,"column":null}},{"start":{"line":50,"column":4},"end":{"line":52,"column":null}}]},"13":{"loc":{"start":{"line":62,"column":52},"end":{"line":62,"column":54}},"type":"cond-expr","locations":[{"start":{"line":62,"column":52},"end":{"line":62,"column":54}},{"start":{"line":62,"column":57},"end":{"line":62,"column":61}}]},"14":{"loc":{"start":{"line":64,"column":42},"end":{"line":64,"column":63}},"type":"cond-expr","locations":[{"start":{"line":64,"column":42},"end":{"line":64,"column":63}},{"start":{"line":64,"column":66},"end":{"line":64,"column":68}}]},"15":{"loc":{"start":{"line":71,"column":64},"end":{"line":71,"column":68}},"type":"default-arg","locations":[{"start":{"line":71,"column":64},"end":{"line":71,"column":68}}]},"16":{"loc":{"start":{"line":73,"column":4},"end":{"line":75,"column":null}},"type":"if","locations":[{"start":{"line":73,"column":4},"end":{"line":75,"column":null}},{"start":{"line":73,"column":4},"end":{"line":75,"column":null}}]},"17":{"loc":{"start":{"line":77,"column":4},"end":{"line":79,"column":null}},"type":"if","locations":[{"start":{"line":77,"column":4},"end":{"line":79,"column":null}},{"start":{"line":77,"column":4},"end":{"line":79,"column":null}}]},"18":{"loc":{"start":{"line":129,"column":8},"end":{"line":131,"column":null}},"type":"if","locations":[{"start":{"line":129,"column":8},"end":{"line":131,"column":null}},{"start":{"line":129,"column":8},"end":{"line":131,"column":null}}]},"19":{"loc":{"start":{"line":133,"column":8},"end":{"line":135,"column":null}},"type":"if","locations":[{"start":{"line":133,"column":8},"end":{"line":135,"column":null}},{"start":{"line":133,"column":8},"end":{"line":135,"column":null}}]},"20":{"loc":{"start":{"line":137,"column":8},"end":{"line":158,"column":null}},"type":"if","locations":[{"start":{"line":137,"column":8},"end":{"line":158,"column":null}},{"start":{"line":137,"column":8},"end":{"line":158,"column":null}}]},"21":{"loc":{"start":{"line":139,"column":12},"end":{"line":157,"column":null}},"type":"if","locations":[{"start":{"line":139,"column":12},"end":{"line":157,"column":null}},{"start":{"line":139,"column":12},"end":{"line":157,"column":null}}]},"22":{"loc":{"start":{"line":139,"column":16},"end":{"line":139,"column":28}},"type":"binary-expr","locations":[{"start":{"line":139,"column":16},"end":{"line":139,"column":28}},{"start":{"line":139,"column":32},"end":{"line":139,"column":58}}]},"23":{"loc":{"start":{"line":142,"column":17},"end":{"line":157,"column":null}},"type":"if","locations":[{"start":{"line":142,"column":17},"end":{"line":157,"column":null}},{"start":{"line":142,"column":17},"end":{"line":157,"column":null}}]},"24":{"loc":{"start":{"line":146,"column":16},"end":{"line":148,"column":null}},"type":"if","locations":[{"start":{"line":146,"column":16},"end":{"line":148,"column":null}},{"start":{"line":146,"column":16},"end":{"line":148,"column":null}}]},"25":{"loc":{"start":{"line":149,"column":16},"end":{"line":151,"column":null}},"type":"if","locations":[{"start":{"line":149,"column":16},"end":{"line":151,"column":null}},{"start":{"line":149,"column":16},"end":{"line":151,"column":null}}]},"26":{"loc":{"start":{"line":154,"column":17},"end":{"line":157,"column":null}},"type":"if","locations":[{"start":{"line":154,"column":17},"end":{"line":157,"column":null}},{"start":{"line":154,"column":17},"end":{"line":157,"column":null}}]},"27":{"loc":{"start":{"line":160,"column":27},"end":{"line":160,"column":31}},"type":"cond-expr","locations":[{"start":{"line":160,"column":27},"end":{"line":160,"column":31}},{"start":{"line":160,"column":34},"end":{"line":160,"column":36}}]},"28":{"loc":{"start":{"line":187,"column":4},"end":{"line":189,"column":null}},"type":"if","locations":[{"start":{"line":187,"column":4},"end":{"line":189,"column":null}},{"start":{"line":187,"column":4},"end":{"line":189,"column":null}}]},"29":{"loc":{"start":{"line":187,"column":8},"end":{"line":187,"column":13}},"type":"binary-expr","locations":[{"start":{"line":187,"column":8},"end":{"line":187,"column":13}},{"start":{"line":187,"column":17},"end":{"line":187,"column":33}}]}},"s":{"0":1,"1":1,"2":23,"3":14,"4":9,"5":0,"6":9,"7":0,"8":9,"9":2,"10":5,"11":2,"12":3,"13":1,"14":2,"15":2,"16":1,"17":2,"18":1,"19":1,"20":1,"21":3,"22":2,"23":1,"24":1,"25":2,"26":2,"27":2,"28":2,"29":2,"30":2,"31":2,"32":1,"33":1,"34":6,"35":1,"36":5,"37":0,"38":5,"39":5,"40":5,"41":5,"42":5,"43":8,"44":8,"45":8,"46":3,"47":8,"48":2,"49":8,"50":8,"51":8,"52":1,"53":7,"54":6,"55":6,"56":6,"57":0,"58":6,"59":2,"60":1,"61":1,"62":4,"63":4,"64":4,"65":4,"66":2,"67":1,"68":1,"69":1,"70":1,"71":1,"72":1,"73":1,"74":1,"75":1,"76":1,"77":2,"78":1,"79":1,"80":1,"81":1},"f":{"0":23,"1":2,"2":5,"3":2,"4":2,"5":3,"6":2,"7":6,"8":2},"b":{"0":[14,9],"1":[23,23],"2":[0,9],"3":[0,9],"4":[0],"5":[0],"6":[2,3],"7":[5,5,3,3],"8":[2,0],"9":[1,1],"10":[2,2],"11":[1,1],"12":[2,1],"13":[1,1],"14":[1,1],"15":[6],"16":[1,5],"17":[0,5],"18":[3,5],"19":[2,6],"20":[8,0],"21":[1,7],"22":[8,2],"23":[6,1],"24":[0,6],"25":[2,4],"26":[1,0],"27":[1,3],"28":[1,1],"29":[2,2]}}
,"C:\\Users\\isaque\\Documents\\PowerSQL\\src\\powerSqlStatement.ts": {"path":"C:\\Users\\isaque\\Documents\\PowerSQL\\src\\powerSqlStatement.ts","statementMap":{"0":{"start":{"line":1,"column":0},"end":{"line":1,"column":68}},"1":{"start":{"line":9,"column":24},"end":{"line":11,"column":2}},"2":{"start":{"line":10,"column":8},"end":{"line":10,"column":85}},"3":{"start":{"line":12,"column":4},"end":{"line":12,"column":72}},"4":{"start":{"line":13,"column":4},"end":{"line":13,"column":31}},"5":{"start":{"line":16,"column":28},"end":{"line":16,"column":52}}},"fnMap":{"0":{"name":"PowerSQLStatementFactory","decl":{"start":{"line":8,"column":9},"end":{"line":8,"column":33}},"loc":{"start":{"line":8,"column":70},"end":{"line":14,"column":1}}},"1":{"name":"(anonymous_2)","decl":{"start":{"line":9,"column":24},"end":{"line":9,"column":null}},"loc":{"start":{"line":9,"column":24},"end":{"line":11,"column":2}}}},"branchMap":{},"s":{"0":2,"1":16,"2":48,"3":16,"4":16,"5":2},"f":{"0":16,"1":48},"b":{}}
,"C:\\Users\\isaque\\Documents\\PowerSQL\\src\\powerSqlStatementTemplate.ts": {"path":"C:\\Users\\isaque\\Documents\\PowerSQL\\src\\powerSqlStatementTemplate.ts","statementMap":{"0":{"start":{"line":7,"column":2},"end":{"line":7,"column":27}},"1":{"start":{"line":8,"column":2},"end":{"line":8,"column":25}},"2":{"start":{"line":13,"column":36},"end":{"line":13,"column":71}},"3":{"start":{"line":14,"column":2},"end":{"line":16,"column":null}},"4":{"start":{"line":15,"column":3},"end":{"line":15,"column":25}},"5":{"start":{"line":18,"column":36},"end":{"line":18,"column":60}},"6":{"start":{"line":19,"column":23},"end":{"line":19,"column":25}},"7":{"start":{"line":21,"column":10},"end":{"line":21,"column":11}},"8":{"start":{"line":22,"column":2},"end":{"line":24,"column":null}},"9":{"start":{"line":23,"column":3},"end":{"line":23,"column":76}},"10":{"start":{"line":26,"column":2},"end":{"line":26,"column":16}},"11":{"start":{"line":30,"column":0},"end":{"line":30,"column":41}}},"fnMap":{"0":{"name":"(anonymous_0)","decl":{"start":{"line":6,"column":1},"end":{"line":6,"column":13}},"loc":{"start":{"line":6,"column":48},"end":{"line":9,"column":2}}},"1":{"name":"(anonymous_1)","decl":{"start":{"line":11,"column":1},"end":{"line":11,"column":6}},"loc":{"start":{"line":11,"column":14},"end":{"line":27,"column":2}}}},"branchMap":{"0":{"loc":{"start":{"line":14,"column":2},"end":{"line":16,"column":null}},"type":"if","locations":[{"start":{"line":14,"column":2},"end":{"line":16,"column":null}},{"start":{"line":14,"column":2},"end":{"line":16,"column":null}}]},"1":{"loc":{"start":{"line":23,"column":56},"end":{"line":23,"column":69}},"type":"cond-expr","locations":[{"start":{"line":23,"column":56},"end":{"line":23,"column":69}},{"start":{"line":23,"column":72},"end":{"line":23,"column":74}}]}},"s":{"0":18,"1":18,"2":52,"3":23,"4":6,"5":23,"6":23,"7":23,"8":23,"9":64,"10":23,"11":3},"f":{"0":18,"1":52},"b":{"0":[6,17],"1":[41,23]}}
,"C:\\Users\\isaque\\Documents\\PowerSQL\\src\\table.ts": {"path":"C:\\Users\\isaque\\Documents\\PowerSQL\\src\\table.ts","statementMap":{"0":{"start":{"line":7,"column":8},"end":{"line":9,"column":null}},"1":{"start":{"line":8,"column":12},"end":{"line":8,"column":79}},"2":{"start":{"line":10,"column":8},"end":{"line":12,"column":null}},"3":{"start":{"line":11,"column":12},"end":{"line":11,"column":72}},"4":{"start":{"line":13,"column":2},"end":{"line":13,"column":19}},"5":{"start":{"line":14,"column":2},"end":{"line":14,"column":19}},"6":{"start":{"line":15,"column":2},"end":{"line":15,"column":31}},"7":{"start":{"line":36,"column":24},"end":{"line":36,"column":43}},"8":{"start":{"line":24,"column":8},"end":{"line":26,"column":null}},"9":{"start":{"line":25,"column":12},"end":{"line":25,"column":78}},"10":{"start":{"line":27,"column":8},"end":{"line":29,"column":null}},"11":{"start":{"line":28,"column":12},"end":{"line":28,"column":59}},"12":{"start":{"line":31,"column":2},"end":{"line":31,"column":19}},"13":{"start":{"line":32,"column":2},"end":{"line":32,"column":25}},"14":{"start":{"line":36,"column":9},"end":{"line":36,"column":22}}},"fnMap":{"0":{"name":"(anonymous_0)","decl":{"start":{"line":6,"column":1},"end":{"line":6,"column":13}},"loc":{"start":{"line":6,"column":71},"end":{"line":16,"column":2}}},"1":{"name":"(anonymous_1)","decl":{"start":{"line":23,"column":1},"end":{"line":23,"column":13}},"loc":{"start":{"line":23,"column":62},"end":{"line":33,"column":2}}}},"branchMap":{"0":{"loc":{"start":{"line":6,"column":69},"end":{"line":6,"column":71}},"type":"default-arg","locations":[{"start":{"line":6,"column":69},"end":{"line":6,"column":71}}]},"1":{"loc":{"start":{"line":7,"column":8},"end":{"line":9,"column":null}},"type":"if","locations":[{"start":{"line":7,"column":8},"end":{"line":9,"column":null}},{"start":{"line":7,"column":8},"end":{"line":9,"column":null}}]},"2":{"loc":{"start":{"line":7,"column":12},"end":{"line":7,"column":35}},"type":"binary-expr","locations":[{"start":{"line":7,"column":12},"end":{"line":7,"column":35}},{"start":{"line":7,"column":39},"end":{"line":7,"column":44}}]},"3":{"loc":{"start":{"line":10,"column":8},"end":{"line":12,"column":null}},"type":"if","locations":[{"start":{"line":10,"column":8},"end":{"line":12,"column":null}},{"start":{"line":10,"column":8},"end":{"line":12,"column":null}}]},"4":{"loc":{"start":{"line":10,"column":12},"end":{"line":10,"column":35}},"type":"binary-expr","locations":[{"start":{"line":10,"column":12},"end":{"line":10,"column":35}},{"start":{"line":10,"column":39},"end":{"line":10,"column":44}}]},"5":{"loc":{"start":{"line":24,"column":8},"end":{"line":26,"column":null}},"type":"if","locations":[{"start":{"line":24,"column":8},"end":{"line":26,"column":null}},{"start":{"line":24,"column":8},"end":{"line":26,"column":null}}]},"6":{"loc":{"start":{"line":24,"column":12},"end":{"line":24,"column":35}},"type":"binary-expr","locations":[{"start":{"line":24,"column":12},"end":{"line":24,"column":35}},{"start":{"line":24,"column":39},"end":{"line":24,"column":44}}]},"7":{"loc":{"start":{"line":27,"column":8},"end":{"line":29,"column":null}},"type":"if","locations":[{"start":{"line":27,"column":8},"end":{"line":29,"column":null}},{"start":{"line":27,"column":8},"end":{"line":29,"column":null}}]},"8":{"loc":{"start":{"line":27,"column":12},"end":{"line":27,"column":20}},"type":"binary-expr","locations":[{"start":{"line":27,"column":12},"end":{"line":27,"column":20}},{"start":{"line":27,"column":24},"end":{"line":27,"column":43}}]}},"s":{"0":6,"1":1,"2":5,"3":1,"4":4,"5":4,"6":4,"7":2,"8":4,"9":1,"10":3,"11":1,"12":2,"13":2,"14":2},"f":{"0":6,"1":4},"b":{"0":[3],"1":[1,5],"2":[6,6],"3":[1,4],"4":[5,5],"5":[1,3],"6":[4,4],"7":[1,2],"8":[3,3]}}
}
