TN:
SF:src\powerSqlDefaults.ts
FN:5,_sqlCompare
FN:23,_getArrayOfStringsExecutor
FN:24,(anonymous_3)
FN:35,(anonymous_4)
FN:41,(anonymous_5)
FN:50,(anonymous_6)
FN:58,(anonymous_7)
FN:72,(anonymous_8)
FN:147,(anonymous_9)
FN:155,(anonymous_10)
FNF:10
FNH:9
FNDA:23,_sqlCompare
FNDA:2,_getArrayOfStringsExecutor
FNDA:5,(anonymous_3)
FNDA:2,(anonymous_4)
FNDA:2,(anonymous_5)
FNDA:3,(anonymous_6)
FNDA:2,(anonymous_7)
FNDA:6,(anonymous_8)
FNDA:2,(anonymous_9)
FNDA:0,(anonymous_10)
DA:1,1
DA:2,1
DA:3,1
DA:7,23
DA:8,14
DA:11,9
DA:12,0
DA:15,9
DA:16,0
DA:19,9
DA:24,2
DA:26,5
DA:28,2
DA:31,3
DA:35,1
DA:36,2
DA:38,2
DA:41,1
DA:43,2
DA:44,1
DA:47,1
DA:50,1
DA:51,3
DA:52,2
DA:54,1
DA:57,1
DA:59,2
DA:61,2
DA:62,2
DA:63,2
DA:64,2
DA:65,2
DA:66,2
DA:68,1
DA:71,1
DA:74,6
DA:75,1
DA:78,5
DA:79,0
DA:82,5
DA:83,5
DA:85,5
DA:86,5
DA:88,8
DA:89,8
DA:90,8
DA:91,3
DA:94,8
DA:95,2
DA:98,8
DA:99,8
DA:100,8
DA:101,1
DA:103,7
DA:105,6
DA:106,6
DA:107,6
DA:108,0
DA:110,6
DA:111,2
DA:115,1
DA:116,1
DA:121,4
DA:122,4
DA:123,4
DA:125,4
DA:128,2
DA:132,1
DA:133,1
DA:135,1
DA:136,1
DA:138,1
DA:139,1
DA:141,1
DA:144,1
DA:145,1
DA:147,1
DA:148,2
DA:149,1
DA:152,1
DA:155,1
DA:156,0
DA:158,0
DA:159,0
DA:162,0
DA:165,0
DA:195,1
DA:220,1
LF:88
LH:79
BRDA:7,0,0,14
BRDA:7,0,1,9
BRDA:7,1,0,23
BRDA:7,1,1,23
BRDA:11,2,0,0
BRDA:11,2,1,9
BRDA:15,3,0,0
BRDA:15,3,1,9
BRDA:23,4,0,0
BRDA:23,5,0,0
BRDA:26,6,0,2
BRDA:26,6,1,3
BRDA:26,7,0,5
BRDA:26,7,1,5
BRDA:26,7,2,3
BRDA:26,7,3,3
BRDA:28,8,0,2
BRDA:28,8,1,0
BRDA:36,9,0,1
BRDA:36,9,1,1
BRDA:36,10,0,2
BRDA:36,10,1,2
BRDA:43,11,0,1
BRDA:43,11,1,1
BRDA:51,12,0,2
BRDA:51,12,1,1
BRDA:63,13,0,1
BRDA:63,13,1,1
BRDA:65,14,0,1
BRDA:65,14,1,1
BRDA:72,15,0,6
BRDA:74,16,0,1
BRDA:74,16,1,5
BRDA:78,17,0,0
BRDA:78,17,1,5
BRDA:90,18,0,3
BRDA:90,18,1,5
BRDA:94,19,0,2
BRDA:94,19,1,6
BRDA:98,20,0,8
BRDA:98,20,1,0
BRDA:100,21,0,1
BRDA:100,21,1,7
BRDA:100,22,0,8
BRDA:100,22,1,2
BRDA:103,23,0,6
BRDA:103,23,1,1
BRDA:107,24,0,0
BRDA:107,24,1,6
BRDA:110,25,0,2
BRDA:110,25,1,4
BRDA:115,26,0,1
BRDA:115,26,1,0
BRDA:121,27,0,1
BRDA:121,27,1,3
BRDA:148,28,0,1
BRDA:148,28,1,1
BRDA:148,29,0,2
BRDA:148,29,1,2
BRDA:158,30,0,0
BRDA:158,30,1,0
BRF:61
BRH:50
end_of_record
TN:
SF:src\powerSqlStatement.ts
FN:8,PowerSQLStatementFactory
FN:9,(anonymous_2)
FNF:2
FNH:2
FNDA:17,PowerSQLStatementFactory
FNDA:48,(anonymous_2)
DA:1,2
DA:9,17
DA:10,48
DA:12,17
DA:13,17
DA:16,2
LF:6
LH:6
BRF:0
BRH:0
end_of_record
TN:
SF:src\powerSqlStatementTemplate.ts
FN:6,(anonymous_0)
FN:11,(anonymous_1)
FNF:2
FNH:2
FNDA:19,(anonymous_0)
FNDA:52,(anonymous_1)
DA:7,19
DA:8,19
DA:13,52
DA:14,23
DA:15,6
DA:18,23
DA:19,23
DA:21,23
DA:22,23
DA:23,64
DA:26,23
DA:30,3
LF:12
LH:12
BRDA:14,0,0,6
BRDA:14,0,1,17
BRDA:23,1,0,41
BRDA:23,1,1,23
BRF:4
BRH:4
end_of_record
TN:
SF:src\sqlTypes.ts
FN:39,getSqlTypes
FN:46,getJsType
FN:62,(anonymous_2)
FN:63,(anonymous_3)
FN:64,(anonymous_4)
FN:73,sqlEscapeToString
FNF:6
FNH:6
FNDA:10,getSqlTypes
FNDA:6,getJsType
FNDA:5,(anonymous_2)
FNDA:1,(anonymous_3)
FNDA:2,(anonymous_4)
FNDA:9,sqlEscapeToString
DA:1,2
DA:40,10
DA:41,1
DA:43,9
DA:47,6
DA:48,1
DA:50,5
DA:51,12
DA:53,12
DA:54,4
DA:57,1
DA:61,2
DA:62,5
DA:63,1
DA:65,2
DA:66,1
DA:69,1
DA:74,9
DA:75,1
DA:78,8
DA:79,8
DA:80,1
DA:82,7
DA:85,2
DA:92,2
LF:25
LH:25
BRDA:40,0,0,1
BRDA:40,0,1,9
BRDA:43,1,0,9
BRDA:43,1,1,1
BRDA:47,2,0,1
BRDA:47,2,1,5
BRDA:53,3,0,4
BRDA:53,3,1,8
BRDA:65,4,0,1
BRDA:65,4,1,1
BRDA:74,5,0,1
BRDA:74,5,1,8
BRDA:79,6,0,1
BRDA:79,6,1,7
BRF:14
BRH:14
end_of_record
TN:
SF:src\table.ts
FN:6,(anonymous_0)
FN:23,(anonymous_1)
FNF:2
FNH:2
FNDA:6,(anonymous_0)
FNDA:4,(anonymous_1)
DA:7,6
DA:8,1
DA:10,5
DA:11,1
DA:13,4
DA:14,4
DA:15,4
DA:24,4
DA:25,1
DA:27,3
DA:28,1
DA:31,2
DA:32,2
DA:36,2
LF:14
LH:14
BRDA:6,0,0,3
BRDA:7,1,0,1
BRDA:7,1,1,5
BRDA:7,2,0,6
BRDA:7,2,1,6
BRDA:10,3,0,1
BRDA:10,3,1,4
BRDA:10,4,0,5
BRDA:10,4,1,5
BRDA:24,5,0,1
BRDA:24,5,1,3
BRDA:24,6,0,4
BRDA:24,6,1,4
BRDA:27,7,0,1
BRDA:27,7,1,2
BRDA:27,8,0,3
BRDA:27,8,1,3
BRF:17
BRH:17
end_of_record
