TN:
SF:src\powerSqlDefaults.ts
FN:4,_sqlCompare
FN:22,_getArrayOfStringsExecutor
FN:23,(anonymous_2)
FN:34,(anonymous_3)
FN:40,(anonymous_4)
FN:49,(anonymous_5)
FN:57,(anonymous_6)
FN:71,(anonymous_7)
FN:186,(anonymous_8)
FNF:9
FNH:9
FNDA:23,_sqlCompare
FNDA:2,_getArrayOfStringsExecutor
FNDA:5,(anonymous_2)
FNDA:2,(anonymous_3)
FNDA:2,(anonymous_4)
FNDA:3,(anonymous_5)
FNDA:2,(anonymous_6)
FNDA:6,(anonymous_7)
FNDA:2,(anonymous_8)
DA:1,1
DA:2,1
DA:6,23
DA:7,14
DA:10,9
DA:11,0
DA:14,9
DA:15,0
DA:18,9
DA:23,2
DA:25,5
DA:27,2
DA:30,3
DA:34,1
DA:35,2
DA:37,2
DA:40,1
DA:42,2
DA:43,1
DA:46,1
DA:49,1
DA:50,3
DA:51,2
DA:53,1
DA:56,1
DA:58,2
DA:60,2
DA:61,2
DA:62,2
DA:63,2
DA:64,2
DA:65,2
DA:67,1
DA:70,1
DA:73,6
DA:74,1
DA:77,5
DA:78,0
DA:83,5
DA:121,5
DA:122,5
DA:124,5
DA:125,5
DA:127,8
DA:128,8
DA:129,8
DA:130,3
DA:133,8
DA:134,2
DA:137,8
DA:138,8
DA:139,8
DA:140,1
DA:142,7
DA:144,6
DA:145,6
DA:146,6
DA:147,0
DA:149,6
DA:150,2
DA:154,1
DA:155,1
DA:160,4
DA:161,4
DA:162,4
DA:164,4
DA:167,2
DA:171,1
DA:172,1
DA:174,1
DA:175,1
DA:177,1
DA:178,1
DA:180,1
DA:183,1
DA:184,1
DA:186,1
DA:187,2
DA:188,1
DA:191,1
DA:221,1
DA:245,1
LF:82
LH:78
BRDA:6,0,0,14
BRDA:6,0,1,9
BRDA:6,1,0,23
BRDA:6,1,1,23
BRDA:10,2,0,0
BRDA:10,2,1,9
BRDA:14,3,0,0
BRDA:14,3,1,9
BRDA:22,4,0,0
BRDA:22,5,0,0
BRDA:25,6,0,2
BRDA:25,6,1,3
BRDA:25,7,0,5
BRDA:25,7,1,5
BRDA:25,7,2,3
BRDA:25,7,3,3
BRDA:27,8,0,2
BRDA:27,8,1,0
BRDA:35,9,0,1
BRDA:35,9,1,1
BRDA:35,10,0,2
BRDA:35,10,1,2
BRDA:42,11,0,1
BRDA:42,11,1,1
BRDA:50,12,0,2
BRDA:50,12,1,1
BRDA:62,13,0,1
BRDA:62,13,1,1
BRDA:64,14,0,1
BRDA:64,14,1,1
BRDA:71,15,0,6
BRDA:73,16,0,1
BRDA:73,16,1,5
BRDA:77,17,0,0
BRDA:77,17,1,5
BRDA:129,18,0,3
BRDA:129,18,1,5
BRDA:133,19,0,2
BRDA:133,19,1,6
BRDA:137,20,0,8
BRDA:137,20,1,0
BRDA:139,21,0,1
BRDA:139,21,1,7
BRDA:139,22,0,8
BRDA:139,22,1,2
BRDA:142,23,0,6
BRDA:142,23,1,1
BRDA:146,24,0,0
BRDA:146,24,1,6
BRDA:149,25,0,2
BRDA:149,25,1,4
BRDA:154,26,0,1
BRDA:154,26,1,0
BRDA:160,27,0,1
BRDA:160,27,1,3
BRDA:187,28,0,1
BRDA:187,28,1,1
BRDA:187,29,0,2
BRDA:187,29,1,2
BRF:59
BRH:50
end_of_record
TN:
SF:src\powerSqlStatement.ts
FN:8,PowerSQLStatementFactory
FN:9,(anonymous_2)
FNF:2
FNH:2
FNDA:16,PowerSQLStatementFactory
FNDA:48,(anonymous_2)
DA:1,2
DA:9,16
DA:10,48
DA:12,16
DA:13,16
DA:16,2
LF:6
LH:6
BRF:0
BRH:0
end_of_record
TN:
SF:src\powerSqlStatementTemplate.ts
FN:6,(anonymous_0)
FN:11,(anonymous_1)
FNF:2
FNH:2
FNDA:18,(anonymous_0)
FNDA:52,(anonymous_1)
DA:7,18
DA:8,18
DA:13,52
DA:14,23
DA:15,6
DA:18,23
DA:19,23
DA:21,23
DA:22,23
DA:23,64
DA:26,23
DA:30,3
LF:12
LH:12
BRDA:14,0,0,6
BRDA:14,0,1,17
BRDA:23,1,0,41
BRDA:23,1,1,23
BRF:4
BRH:4
end_of_record
TN:
SF:src\table.ts
FN:6,(anonymous_0)
FN:23,(anonymous_1)
FNF:2
FNH:2
FNDA:6,(anonymous_0)
FNDA:4,(anonymous_1)
DA:7,6
DA:8,1
DA:10,5
DA:11,1
DA:13,4
DA:14,4
DA:15,4
DA:24,4
DA:25,1
DA:27,3
DA:28,1
DA:31,2
DA:32,2
DA:36,2
LF:14
LH:14
BRDA:6,0,0,3
BRDA:7,1,0,1
BRDA:7,1,1,5
BRDA:7,2,0,6
BRDA:7,2,1,6
BRDA:10,3,0,1
BRDA:10,3,1,4
BRDA:10,4,0,5
BRDA:10,4,1,5
BRDA:24,5,0,1
BRDA:24,5,1,3
BRDA:24,6,0,4
BRDA:24,6,1,4
BRDA:27,7,0,1
BRDA:27,7,1,2
BRDA:27,8,0,3
BRDA:27,8,1,3
BRF:17
BRH:17
end_of_record
